2024-02-28 16:03:58,641 INFO o.a.j.u.JMeterUtils: Setting Locale to en_EN
2024-02-28 16:03:58,651 INFO o.a.j.JMeter: Loading user properties from: /opt/jmeter/bin/user.properties
2024-02-28 16:03:58,651 INFO o.a.j.JMeter: Loading system properties from: /opt/jmeter/bin/system.properties
2024-02-28 16:03:58,654 INFO o.a.j.JMeter: Copyright (c) 1998-2023 The Apache Software Foundation
2024-02-28 16:03:58,654 INFO o.a.j.JMeter: Version 5.6.2
2024-02-28 16:03:58,654 INFO o.a.j.JMeter: java.version=21
2024-02-28 16:03:58,654 INFO o.a.j.JMeter: java.vm.name=OpenJDK 64-Bit Server VM
2024-02-28 16:03:58,654 INFO o.a.j.JMeter: os.name=Linux
2024-02-28 16:03:58,654 INFO o.a.j.JMeter: os.arch=amd64
2024-02-28 16:03:58,654 INFO o.a.j.JMeter: os.version=6.1.71-1-MANJARO
2024-02-28 16:03:58,654 INFO o.a.j.JMeter: file.encoding=UTF-8
2024-02-28 16:03:58,654 INFO o.a.j.JMeter: java.awt.headless=null
2024-02-28 16:03:58,654 INFO o.a.j.JMeter: Max memory     =1073741824
2024-02-28 16:03:58,654 INFO o.a.j.JMeter: Available Processors =12
2024-02-28 16:03:58,659 INFO o.a.j.JMeter: Default Locale=English (EN)
2024-02-28 16:03:58,659 INFO o.a.j.JMeter: JMeter  Locale=English (EN)
2024-02-28 16:03:58,659 INFO o.a.j.JMeter: JMeterHome=/opt/jmeter
2024-02-28 16:03:58,659 INFO o.a.j.JMeter: user.dir  =/home/xeder/Projects/BookStoreApp-Distributed-Application-Docker-Swarm/bookstore-jmx
2024-02-28 16:03:58,659 INFO o.a.j.JMeter: PWD       =/home/xeder/Projects/BookStoreApp-Distributed-Application-Docker-Swarm/bookstore-jmx
2024-02-28 16:03:58,659 INFO o.a.j.JMeter: IP: 127.0.1.1 Name: xeder-workstation FullName: xeder-workstation
2024-02-28 16:03:58,666 INFO o.a.j.JMeter: Loaded icon properties from org/apache/jmeter/images/icon.properties
2024-02-28 16:03:58,773 INFO o.a.j.JMeterGuiLauncher: Setting LAF to: com.github.weisj.darklaf.DarkLaf:com.github.weisj.darklaf.theme.DarculaTheme
2024-02-28 16:04:03,643 INFO o.a.j.s.FileServer: Default base='/home/xeder/Projects/BookStoreApp-Distributed-Application-Docker-Swarm/bookstore-jmx'
2024-02-28 16:04:03,645 INFO o.a.j.g.a.Load: Loading file: /home/xeder/Projects/BookStoreApp-Distributed-Application-Docker-Swarm/bookstore-jmx/bookstore-buyBooks.jmx
2024-02-28 16:04:03,645 INFO o.a.j.s.FileServer: Set new base='/home/xeder/Projects/BookStoreApp-Distributed-Application-Docker-Swarm/bookstore-jmx'
2024-02-28 16:04:03,762 INFO o.a.j.s.SaveService: Testplan (JMX) version: 2.2. Testlog (JTL) version: 2.2
2024-02-28 16:04:03,778 INFO o.a.j.s.SaveService: Using SaveService properties version 5.0
2024-02-28 16:04:03,779 INFO o.a.j.s.SaveService: Using SaveService properties file encoding UTF-8
2024-02-28 16:04:03,780 INFO o.a.j.s.SaveService: Loading file: /home/xeder/Projects/BookStoreApp-Distributed-Application-Docker-Swarm/bookstore-jmx/bookstore-buyBooks.jmx
2024-02-28 16:04:03,790 INFO o.a.j.p.h.c.CookieManager: Settings: Delete null: true Check: true Allow variable: true Save: false Prefix: COOKIE_
2024-02-28 16:04:03,796 INFO o.a.j.p.h.s.HTTPSamplerBase: Parser for text/html is org.apache.jmeter.protocol.http.parser.LagartoBasedHtmlParser
2024-02-28 16:04:03,796 INFO o.a.j.p.h.s.HTTPSamplerBase: Parser for application/xhtml+xml is org.apache.jmeter.protocol.http.parser.LagartoBasedHtmlParser
2024-02-28 16:04:03,796 INFO o.a.j.p.h.s.HTTPSamplerBase: Parser for application/xml is org.apache.jmeter.protocol.http.parser.LagartoBasedHtmlParser
2024-02-28 16:04:03,796 INFO o.a.j.p.h.s.HTTPSamplerBase: Parser for text/xml is org.apache.jmeter.protocol.http.parser.LagartoBasedHtmlParser
2024-02-28 16:04:03,796 INFO o.a.j.p.h.s.HTTPSamplerBase: Parser for text/vnd.wap.wml is org.apache.jmeter.protocol.http.parser.RegexpHTMLParser
2024-02-28 16:04:03,796 INFO o.a.j.p.h.s.HTTPSamplerBase: Parser for text/css is org.apache.jmeter.protocol.http.parser.CssParser
2024-02-28 16:04:03,939 INFO o.a.j.e.KeyToolUtils: keytool found at 'keytool'
2024-02-28 16:04:03,940 INFO o.a.j.p.h.p.ProxyControl: HTTP(S) Test Script Recorder SSL Proxy will use keys that support embedded 3rd party resources in file /opt/jmeter/bin/proxyserver.jks
2024-02-28 16:04:04,222 INFO o.a.j.s.SampleResult: Note: Sample TimeStamps are START times
2024-02-28 16:04:04,223 INFO o.a.j.s.SampleResult: sampleresult.default.encoding is set to UTF-8
2024-02-28 16:04:04,223 INFO o.a.j.s.SampleResult: sampleresult.useNanoTime=true
2024-02-28 16:04:04,223 INFO o.a.j.s.SampleResult: sampleresult.nanoThreadSleep=5000
2024-02-28 16:04:04,427 INFO o.a.j.s.FileServer: Set new base='/home/xeder/Projects/BookStoreApp-Distributed-Application-Docker-Swarm/bookstore-jmx'
2024-02-28 16:04:06,770 INFO o.a.j.g.a.Load: Loading file: /home/xeder/Projects/BookStoreApp-Distributed-Application-Docker-Swarm/bookstore-jmx/bookstore-addUser.jmx
2024-02-28 16:04:06,770 INFO o.a.j.s.FileServer: Set new base='/home/xeder/Projects/BookStoreApp-Distributed-Application-Docker-Swarm/bookstore-jmx'
2024-02-28 16:04:06,770 INFO o.a.j.s.SaveService: Loading file: /home/xeder/Projects/BookStoreApp-Distributed-Application-Docker-Swarm/bookstore-jmx/bookstore-addUser.jmx
2024-02-28 16:04:06,914 INFO o.a.j.s.FileServer: Set new base='/home/xeder/Projects/BookStoreApp-Distributed-Application-Docker-Swarm/bookstore-jmx'
